[2025-12-05 19:44:44] [INFO] ==========================================
[2025-12-05 19:44:44] [INFO] Triggering n8n Pipeline Webhook
[2025-12-05 19:44:44] [INFO] ==========================================
[2025-12-05 19:44:45] [INFO] Trigger Source: manual
[2025-12-05 19:44:45] [INFO] Timestamp: 2025-12-05T06:44:45Z
[2025-12-05 19:44:45] [INFO] Loading environment from .env
[2025-12-05 19:44:45] [INFO] n8n Webhook URL configured (endpoint hidden for security)
[2025-12-05 19:44:45] [INFO] Constructed webhook payload:
[2025-12-05 19:44:45] [INFO]   Trigger Source: manual
[2025-12-05 19:44:45] [INFO]   Timestamp: 2025-12-05T06:44:45Z
[2025-12-05 19:44:45] [INFO]   Hostname: Laptop
[2025-12-05 19:44:45] [INFO] Sending POST request to n8n webhook...
[2025-12-05 19:44:45] [INFO] Webhook response received
[2025-12-05 19:44:45] [INFO] HTTP Status Code: 200
[2025-12-05 19:44:45] [INFO] ✓ Webhook trigger successful (HTTP 200)
[2025-12-05 19:44:45] [INFO] n8n pipeline has been triggered
[2025-12-05 19:44:45] [INFO] Monitor n8n dashboard for execution status
[2025-12-05 19:44:45] [INFO] 
[2025-12-05 19:44:45] [INFO] ==========================================
[2025-12-05 19:44:45] [INFO] Webhook trigger completed
[2025-12-05 19:44:45] [INFO] ==========================================
[2025-12-05 19:44:45] [INFO] Logs saved to: /home/thomm/projects/pybash/app/logs/webhook_trigger_20251205_194444.log
